Determining if the function pthread_create exists in the pthreads failed with the following output:
Change Dir: /home/florent/Documents/imac_3/moteur physique/td_flag/Template-Imac3-MoteursPhysiques-Flag/build/CMakeFiles/CMakeTmp

Run Build Command:/usr/bin/make "cmTryCompileExec/fast"
/usr/bin/make -f CMakeFiles/cmTryCompileExec.dir/build.make CMakeFiles/cmTryCompileExec.dir/build
make[1]: Entering directory `/home/florent/Documents/imac_3/moteur physique/td_flag/Template-Imac3-MoteursPhysiques-Flag/build/CMakeFiles/CMakeTmp'
/usr/bin/cmake -E cmake_progress_report "/home/florent/Documents/imac_3/moteur physique/td_flag/Template-Imac3-MoteursPhysiques-Flag/build/CMakeFiles/CMakeTmp/CMakeFiles" 1
Building C object CMakeFiles/cmTryCompileExec.dir/CheckFunctionExists.c.o
/usr/bin/gcc   -DCHECK_FUNCTION_EXISTS=pthread_create   -o CMakeFiles/cmTryCompileExec.dir/CheckFunctionExists.c.o   -c /usr/share/cmake-2.8/Modules/CheckFunctionExists.c
Linking C executable cmTryCompileExec
/usr/bin/cmake -E cmake_link_script CMakeFiles/cmTryCompileExec.dir/link.txt --verbose=1
/usr/bin/gcc     -DCHECK_FUNCTION_EXISTS=pthread_create    CMakeFiles/cmTryCompileExec.dir/CheckFunctionExists.c.o  -o cmTryCompileExec -rdynamic -lpthreads 
/usr/bin/ld: cannot find -lpthreads
collect2: ld returned 1 exit status
make[1]: *** [cmTryCompileExec] Error 1
make[1]: Leaving directory `/home/florent/Documents/imac_3/moteur physique/td_flag/Template-Imac3-MoteursPhysiques-Flag/build/CMakeFiles/CMakeTmp'
make: *** [cmTryCompileExec/fast] Error 2


Determining if the function pthread_create exists in the pthreads failed with the following output:
Change Dir: /home/florent/workspace/MoteurPhysique/build/CMakeFiles/CMakeTmp

Run Build Command:/usr/bin/make "cmTryCompileExec/fast"
/usr/bin/make -f CMakeFiles/cmTryCompileExec.dir/build.make CMakeFiles/cmTryCompileExec.dir/build
make[1]: Entering directory `/home/florent/workspace/MoteurPhysique/build/CMakeFiles/CMakeTmp'
/usr/bin/cmake -E cmake_progress_report /home/florent/workspace/MoteurPhysique/build/CMakeFiles/CMakeTmp/CMakeFiles 1
Building C object CMakeFiles/cmTryCompileExec.dir/CheckFunctionExists.c.o
/usr/bin/gcc   -DCHECK_FUNCTION_EXISTS=pthread_create   -o CMakeFiles/cmTryCompileExec.dir/CheckFunctionExists.c.o   -c /usr/share/cmake-2.8/Modules/CheckFunctionExists.c
Linking C executable cmTryCompileExec
/usr/bin/cmake -E cmake_link_script CMakeFiles/cmTryCompileExec.dir/link.txt --verbose=1
/usr/bin/gcc     -DCHECK_FUNCTION_EXISTS=pthread_create    CMakeFiles/cmTryCompileExec.dir/CheckFunctionExists.c.o  -o cmTryCompileExec -rdynamic -lpthreads 
/usr/bin/ld: cannot find -lpthreads
collect2: ld returned 1 exit status
make[1]: Leaving directory `/home/florent/workspace/MoteurPhysique/build/CMakeFiles/CMakeTmp'
make[1]: *** [cmTryCompileExec] Error 1
make: *** [cmTryCompileExec/fast] Error 2


Determining if the pthread_create exist failed with the following output:
Change Dir: /home/jojo/Documents/MoteurPhysique/build/CMakeFiles/CMakeTmp

Run Build Command:/usr/bin/make "cmTryCompileExec555148385/fast"
/usr/bin/make -f CMakeFiles/cmTryCompileExec555148385.dir/build.make CMakeFiles/cmTryCompileExec555148385.dir/build
make[1]: Entering directory `/home/jojo/Documents/MoteurPhysique/build/CMakeFiles/CMakeTmp'
/usr/bin/cmake -E cmake_progress_report /home/jojo/Documents/MoteurPhysique/build/CMakeFiles/CMakeTmp/CMakeFiles 1
Building C object CMakeFiles/cmTryCompileExec555148385.dir/CheckSymbolExists.c.o
/usr/bin/cc    -o CMakeFiles/cmTryCompileExec555148385.dir/CheckSymbolExists.c.o   -c /home/jojo/Documents/MoteurPhysique/build/CMakeFiles/CMakeTmp/CheckSymbolExists.c
Linking C executable cmTryCompileExec555148385
/usr/bin/cmake -E cmake_link_script CMakeFiles/cmTryCompileExec555148385.dir/link.txt --verbose=1
/usr/bin/cc         CMakeFiles/cmTryCompileExec555148385.dir/CheckSymbolExists.c.o  -o cmTryCompileExec555148385 -rdynamic 
CMakeFiles/cmTryCompileExec555148385.dir/CheckSymbolExists.c.o: In function `main':
CheckSymbolExists.c:(.text+0x16): undefined reference to `pthread_create'
collect2: error: ld returned 1 exit status
make[1]: Leaving directory `/home/jojo/Documents/MoteurPhysique/build/CMakeFiles/CMakeTmp'
make[1]: *** [cmTryCompileExec555148385] Error 1
make: *** [cmTryCompileExec555148385/fast] Error 2

File /home/jojo/Documents/MoteurPhysique/build/CMakeFiles/CMakeTmp/CheckSymbolExists.c:
/* */
#include <pthread.h>

int main(int argc, char** argv)
{
  (void)argv;
#ifndef pthread_create
  return ((int*)(&pthread_create))[argc];
#else
  (void)argc;
  return 0;
#endif
}

Determining if the function pthread_create exists in the pthreads failed with the following output:
Change Dir: /home/jojo/Documents/MoteurPhysique/build/CMakeFiles/CMakeTmp

Run Build Command:/usr/bin/make "cmTryCompileExec3356707796/fast"
/usr/bin/make -f CMakeFiles/cmTryCompileExec3356707796.dir/build.make CMakeFiles/cmTryCompileExec3356707796.dir/build
make[1]: Entering directory `/home/jojo/Documents/MoteurPhysique/build/CMakeFiles/CMakeTmp'
/usr/bin/cmake -E cmake_progress_report /home/jojo/Documents/MoteurPhysique/build/CMakeFiles/CMakeTmp/CMakeFiles 1
Building C object CMakeFiles/cmTryCompileExec3356707796.dir/CheckFunctionExists.c.o
/usr/bin/cc   -DCHECK_FUNCTION_EXISTS=pthread_create   -o CMakeFiles/cmTryCompileExec3356707796.dir/CheckFunctionExists.c.o   -c /usr/share/cmake-2.8/Modules/CheckFunctionExists.c
Linking C executable cmTryCompileExec3356707796
/usr/bin/cmake -E cmake_link_script CMakeFiles/cmTryCompileExec3356707796.dir/link.txt --verbose=1
/usr/bin/cc     -DCHECK_FUNCTION_EXISTS=pthread_create    CMakeFiles/cmTryCompileExec3356707796.dir/CheckFunctionExists.c.o  -o cmTryCompileExec3356707796 -rdynamic -lpthreads 
/usr/bin/ld: cannot find -lpthreads
collect2: error: ld returned 1 exit status
make[1]: *** [cmTryCompileExec3356707796] Error 1
make[1]: Leaving directory `/home/jojo/Documents/MoteurPhysique/build/CMakeFiles/CMakeTmp'
make: *** [cmTryCompileExec3356707796/fast] Error 2


Determining if the function pthread_create exists in the pthreads failed with the following output:
Change Dir: /home/florent/workspace/moteur_physique/build/CMakeFiles/CMakeTmp

Run Build Command:/usr/bin/make "cmTryCompileExec/fast"
/usr/bin/make -f CMakeFiles/cmTryCompileExec.dir/build.make CMakeFiles/cmTryCompileExec.dir/build
make[1]: Entering directory `/home/florent/workspace/moteur_physique/build/CMakeFiles/CMakeTmp'
/usr/bin/cmake -E cmake_progress_report /home/florent/workspace/moteur_physique/build/CMakeFiles/CMakeTmp/CMakeFiles 1
Building C object CMakeFiles/cmTryCompileExec.dir/CheckFunctionExists.c.o
/usr/bin/gcc   -DCHECK_FUNCTION_EXISTS=pthread_create   -o CMakeFiles/cmTryCompileExec.dir/CheckFunctionExists.c.o   -c /usr/share/cmake-2.8/Modules/CheckFunctionExists.c
Linking C executable cmTryCompileExec
/usr/bin/cmake -E cmake_link_script CMakeFiles/cmTryCompileExec.dir/link.txt --verbose=1
/usr/bin/gcc     -DCHECK_FUNCTION_EXISTS=pthread_create    CMakeFiles/cmTryCompileExec.dir/CheckFunctionExists.c.o  -o cmTryCompileExec -rdynamic -lpthreads 
/usr/bin/ld: cannot find -lpthreads
collect2: ld returned 1 exit status
make[1]: *** [cmTryCompileExec] Error 1
make[1]: Leaving directory `/home/florent/workspace/moteur_physique/build/CMakeFiles/CMakeTmp'
make: *** [cmTryCompileExec/fast] Error 2


